# JRE version: Java(TM) SE Runtime Environment (11.0.4+10) (build 11.0.4+10-LTS)
# Java VM: Java HotSpot(TM) 64-Bit Server VM (11.0.4+10-LTS, mixed mode, tiered, compressed oops, g1 gc, windows-amd64)
Heap:
 garbage-first heap   total 110592K, used 29941K [0x00000000c0200000, 0x0000000100000000)
  region size 1024K, 11 young (11264K), 4 survivors (4096K)
 Metaspace       used 31875K, capacity 33155K, committed 33280K, reserved 1079296K
  class space    used 3697K, capacity 4262K, committed 4352K, reserved 1048576K
GC Heap History (10 events):
Event: 3.359 GC heap before
{Heap before GC invocations=4 (full 0):
 garbage-first heap   total 65536K, used 30070K [0x00000000c0200000, 0x0000000100000000)
  region size 1024K, 23 young (23552K), 2 survivors (2048K)
 Metaspace       used 17185K, capacity 17540K, committed 17664K, reserved 1064960K
  class space    used 1606K, capacity 1739K, committed 1792K, reserved 1048576K
}
Event: 3.383 GC heap after
{Heap after GC invocations=5 (full 0):
 garbage-first heap   total 79872K, used 10786K [0x00000000c0200000, 0x0000000100000000)
  region size 1024K, 3 young (3072K), 3 survivors (3072K)
 Metaspace       used 17185K, capacity 17540K, committed 17664K, reserved 1064960K
  class space    used 1606K, capacity 1739K, committed 1792K, reserved 1048576K
}
Event: 4.259 GC heap before
{Heap before GC invocations=5 (full 0):
 garbage-first heap   total 79872K, used 35362K [0x00000000c0200000, 0x0000000100000000)
  region size 1024K, 27 young (27648K), 3 survivors (3072K)
 Metaspace       used 18522K, capacity 19206K, committed 19328K, reserved 1067008K
  class space    used 1818K, capacity 2111K, committed 2176K, reserved 1048576K
}
Event: 4.282 GC heap after
{Heap after GC invocations=6 (full 0):
 garbage-first heap   total 79872K, used 13705K [0x00000000c0200000, 0x0000000100000000)
  region size 1024K, 4 young (4096K), 4 survivors (4096K)
 Metaspace       used 18522K, capacity 19206K, committed 19328K, reserved 1067008K
  class space    used 1818K, capacity 2111K, committed 2176K, reserved 1048576K
}
Event: 4.960 GC heap before
{Heap before GC invocations=6 (full 0):
 garbage-first heap   total 79872K, used 35209K [0x00000000c0200000, 0x0000000100000000)
  region size 1024K, 26 young (26624K), 4 survivors (4096K)
 Metaspace       used 20254K, capacity 21082K, committed 21248K, reserved 1069056K
  class space    used 2074K, capacity 2439K, committed 2560K, reserved 1048576K
}
Event: 4.994 GC heap after
{Heap after GC invocations=7 (full 0):
 garbage-first heap   total 79872K, used 16062K [0x00000000c0200000, 0x0000000100000000)
  region size 1024K, 3 young (3072K), 3 survivors (3072K)
 Metaspace       used 20254K, capacity 21082K, committed 21248K, reserved 1069056K
  class space    used 2074K, capacity 2439K, committed 2560K, reserved 1048576K
}
Event: 8.542 GC heap before
{Heap before GC invocations=8 (full 0):
 garbage-first heap   total 79872K, used 43710K [0x00000000c0200000, 0x0000000100000000)
  region size 1024K, 30 young (30720K), 3 survivors (3072K)
 Metaspace       used 27271K, capacity 28334K, committed 28544K, reserved 1075200K
  class space    used 2980K, capacity 3417K, committed 3456K, reserved 1048576K
}
Event: 8.570 GC heap after
{Heap after GC invocations=9 (full 0):
 garbage-first heap   total 79872K, used 20136K [0x00000000c0200000, 0x0000000100000000)
  region size 1024K, 4 young (4096K), 4 survivors (4096K)
 Metaspace       used 27271K, capacity 28334K, committed 28544K, reserved 1075200K
  class space    used 2980K, capacity 3417K, committed 3456K, reserved 1048576K
}
Event: 10.420 GC heap before
{Heap before GC invocations=9 (full 0):
 garbage-first heap   total 79872K, used 50856K [0x00000000c0200000, 0x0000000100000000)
  region size 1024K, 35 young (35840K), 4 survivors (4096K)
 Metaspace       used 30587K, capacity 31803K, committed 32000K, reserved 1077248K
  class space    used 3551K, capacity 4069K, committed 4096K, reserved 1048576K
}
Event: 10.460 GC heap after
{Heap after GC invocations=10 (full 0):
 garbage-first heap   total 110592K, used 23797K [0x00000000c0200000, 0x0000000100000000)
  region size 1024K, 4 young (4096K), 4 survivors (4096K)
 Metaspace       used 30587K, capacity 31803K, committed 32000K, reserved 1077248K
  class space    used 3551K, capacity 4069K, committed 4096K, reserved 1048576K
}

